mode: set
vuln-scan-api/internal/httpclient/client.go:20.35,31.2 2 0
vuln-scan-api/internal/httpclient/client.go:33.49,42.16 8 0
vuln-scan-api/internal/httpclient/client.go:42.16,44.3 1 0
vuln-scan-api/internal/httpclient/client.go:46.2,48.16 3 0
vuln-scan-api/internal/httpclient/client.go:48.16,50.3 1 0
vuln-scan-api/internal/httpclient/client.go:52.2,52.22 1 0
vuln-scan-api/cmd/main.go:13.47,14.51 1 0
vuln-scan-api/cmd/main.go:14.51,17.3 2 0
vuln-scan-api/cmd/main.go:19.2,22.42 3 0
vuln-scan-api/cmd/main.go:23.15,24.75 1 0
vuln-scan-api/cmd/main.go:24.75,25.53 1 0
vuln-scan-api/cmd/main.go:25.53,27.5 1 0
vuln-scan-api/cmd/main.go:27.10,27.23 1 0
vuln-scan-api/cmd/main.go:27.23,29.5 1 0
vuln-scan-api/cmd/main.go:30.9,32.4 1 0
vuln-scan-api/cmd/main.go:33.16,34.74 1 0
vuln-scan-api/cmd/main.go:34.74,35.59 1 0
vuln-scan-api/cmd/main.go:35.59,37.5 1 0
vuln-scan-api/cmd/main.go:37.10,39.5 1 0
vuln-scan-api/cmd/main.go:40.9,42.4 1 0
vuln-scan-api/cmd/main.go:43.10,44.34 1 0
vuln-scan-api/cmd/main.go:48.37,53.12 2 0
vuln-scan-api/cmd/main.go:53.12,55.63 2 0
vuln-scan-api/cmd/main.go:55.63,57.4 1 0
vuln-scan-api/cmd/main.go:59.3,59.26 1 0
vuln-scan-api/cmd/main.go:62.2,62.15 1 0
vuln-scan-api/cmd/main.go:65.13,70.9 3 0
vuln-scan-api/internal/commands/query.go:13.52,16.16 3 0
vuln-scan-api/internal/commands/query.go:16.16,19.3 2 0
vuln-scan-api/internal/commands/query.go:21.2,21.19 1 0
vuln-scan-api/internal/commands/query.go:24.66,29.16 4 0
vuln-scan-api/internal/commands/query.go:29.16,32.3 2 0
vuln-scan-api/internal/commands/query.go:34.2,35.16 2 0
vuln-scan-api/internal/commands/query.go:35.16,37.3 1 0
vuln-scan-api/internal/commands/query.go:39.2,39.19 1 0
vuln-scan-api/internal/commands/scan.go:23.50,26.16 3 0
vuln-scan-api/internal/commands/scan.go:26.16,28.3 1 0
vuln-scan-api/internal/commands/scan.go:30.2,30.19 1 0
vuln-scan-api/internal/commands/scan.go:33.41,35.16 2 0
vuln-scan-api/internal/commands/scan.go:35.16,37.3 1 0
vuln-scan-api/internal/commands/scan.go:39.2,40.12 2 0
vuln-scan-api/internal/commands/scan.go:43.66,46.16 3 0
vuln-scan-api/internal/commands/scan.go:46.16,48.3 1 0
vuln-scan-api/internal/commands/scan.go:49.2,49.28 1 0
vuln-scan-api/internal/commands/scan.go:49.28,51.17 2 0
vuln-scan-api/internal/commands/scan.go:51.17,53.4 1 0
vuln-scan-api/internal/commands/scan.go:56.2,56.36 1 0
vuln-scan-api/internal/commands/scan.go:56.36,58.3 1 0
vuln-scan-api/internal/commands/scan.go:60.2,60.12 1 0
vuln-scan-api/internal/commands/scan.go:63.41,68.2 3 0
vuln-scan-api/internal/commands/scan.go:70.44,71.23 1 0
vuln-scan-api/internal/commands/scan.go:71.23,73.3 1 0
vuln-scan-api/internal/commands/scan.go:75.2,80.41 4 0
vuln-scan-api/internal/commands/scan.go:80.41,82.3 1 0
vuln-scan-api/internal/commands/scan.go:84.2,85.31 2 0
vuln-scan-api/internal/commands/scan.go:85.31,87.13 2 0
vuln-scan-api/internal/commands/scan.go:87.13,91.18 3 0
vuln-scan-api/internal/commands/scan.go:91.18,93.5 1 0
vuln-scan-api/internal/commands/scan.go:94.4,94.49 1 0
vuln-scan-api/internal/commands/scan.go:94.49,96.5 1 0
vuln-scan-api/internal/commands/scan.go:100.2,100.12 1 0
vuln-scan-api/internal/commands/scan.go:100.12,106.3 4 0
vuln-scan-api/internal/commands/scan.go:107.2,107.18 1 0
vuln-scan-api/internal/commands/scan.go:110.20,111.6 1 0
vuln-scan-api/internal/commands/scan.go:111.6,113.21 2 0
vuln-scan-api/internal/commands/scan.go:113.21,115.9 2 0
vuln-scan-api/internal/commands/scan.go:117.3,117.28 1 0
vuln-scan-api/internal/database/conn.go:17.19,46.16 4 1
vuln-scan-api/internal/database/conn.go:46.16,47.13 1 0
vuln-scan-api/internal/database/conn.go:52.28,54.16 2 1
vuln-scan-api/internal/database/conn.go:54.16,55.13 1 0
vuln-scan-api/internal/database/conn.go:58.2,60.3 1 1
vuln-scan-api/internal/database/conn.go:63.47,65.2 1 0
vuln-scan-api/internal/database/conn.go:74.116,75.25 1 0
vuln-scan-api/internal/database/conn.go:75.25,77.17 2 0
vuln-scan-api/internal/database/conn.go:77.17,79.4 1 0
vuln-scan-api/internal/database/conn.go:81.3,84.17 2 0
vuln-scan-api/internal/database/conn.go:84.17,87.4 2 0
vuln-scan-api/internal/database/conn.go:90.2,90.12 1 0
vuln-scan-api/internal/database/conn.go:97.84,103.29 4 0
vuln-scan-api/internal/database/conn.go:103.29,106.3 2 0
vuln-scan-api/internal/database/conn.go:108.2,109.16 2 0
vuln-scan-api/internal/database/conn.go:109.16,111.3 1 0
vuln-scan-api/internal/database/conn.go:112.2,114.18 2 0
vuln-scan-api/internal/database/conn.go:114.18,119.42 3 0
vuln-scan-api/internal/database/conn.go:119.42,121.4 1 0
vuln-scan-api/internal/database/conn.go:123.3,123.72 1 0
vuln-scan-api/internal/database/conn.go:123.72,125.4 1 0
vuln-scan-api/internal/database/conn.go:127.3,127.26 1 0
vuln-scan-api/internal/database/conn.go:130.2,130.17 1 0
vuln-scan-api/internal/database/conn.go:133.30,135.2 1 1
vuln-scan-api/internal/database/conn.go:137.17,140.29 2 1
vuln-scan-api/internal/database/conn.go:140.29,142.3 1 1
vuln-scan-api/internal/github/api.go:38.72,42.6 3 0
vuln-scan-api/internal/github/api.go:42.6,44.17 2 0
vuln-scan-api/internal/github/api.go:44.17,47.18 3 0
vuln-scan-api/internal/github/api.go:47.18,48.13 1 0
vuln-scan-api/internal/github/api.go:49.10,51.5 1 0
vuln-scan-api/internal/github/api.go:53.3,53.19 1 0
vuln-scan-api/internal/httpclient/client.go:20.35,31.2 2 0
vuln-scan-api/internal/httpclient/client.go:33.49,42.16 8 0
vuln-scan-api/internal/httpclient/client.go:42.16,44.3 1 0
vuln-scan-api/internal/httpclient/client.go:46.2,48.16 3 0
vuln-scan-api/internal/httpclient/client.go:48.16,50.3 1 0
vuln-scan-api/internal/httpclient/client.go:52.2,52.22 1 0
vuln-scan-api/cmd/main.go:13.47,14.51 1 0
vuln-scan-api/cmd/main.go:14.51,17.3 2 0
vuln-scan-api/cmd/main.go:19.2,22.42 3 0
vuln-scan-api/cmd/main.go:23.15,24.75 1 0
vuln-scan-api/cmd/main.go:24.75,25.53 1 0
vuln-scan-api/cmd/main.go:25.53,27.5 1 0
vuln-scan-api/cmd/main.go:27.10,27.23 1 0
vuln-scan-api/cmd/main.go:27.23,29.5 1 0
vuln-scan-api/cmd/main.go:30.9,32.4 1 0
vuln-scan-api/cmd/main.go:33.16,34.74 1 0
vuln-scan-api/cmd/main.go:34.74,35.59 1 0
vuln-scan-api/cmd/main.go:35.59,37.5 1 0
vuln-scan-api/cmd/main.go:37.10,39.5 1 0
vuln-scan-api/cmd/main.go:40.9,42.4 1 0
vuln-scan-api/cmd/main.go:43.10,44.34 1 0
vuln-scan-api/cmd/main.go:48.37,53.12 2 0
vuln-scan-api/cmd/main.go:53.12,55.63 2 0
vuln-scan-api/cmd/main.go:55.63,57.4 1 0
vuln-scan-api/cmd/main.go:59.3,59.26 1 0
vuln-scan-api/cmd/main.go:62.2,62.15 1 0
vuln-scan-api/cmd/main.go:65.13,70.9 3 0
vuln-scan-api/internal/commands/query.go:13.52,16.16 3 1
vuln-scan-api/internal/commands/query.go:16.16,19.3 2 0
vuln-scan-api/internal/commands/query.go:21.2,21.19 1 1
vuln-scan-api/internal/commands/query.go:24.66,29.16 4 1
vuln-scan-api/internal/commands/query.go:29.16,32.3 2 0
vuln-scan-api/internal/commands/query.go:34.2,35.16 2 1
vuln-scan-api/internal/commands/query.go:35.16,37.3 1 0
vuln-scan-api/internal/commands/query.go:39.2,39.19 1 1
vuln-scan-api/internal/commands/scan.go:23.50,26.16 3 1
vuln-scan-api/internal/commands/scan.go:26.16,28.3 1 0
vuln-scan-api/internal/commands/scan.go:30.2,30.19 1 1
vuln-scan-api/internal/commands/scan.go:33.41,35.16 2 1
vuln-scan-api/internal/commands/scan.go:35.16,37.3 1 0
vuln-scan-api/internal/commands/scan.go:39.2,40.12 2 1
vuln-scan-api/internal/commands/scan.go:43.66,46.16 3 1
vuln-scan-api/internal/commands/scan.go:46.16,48.3 1 0
vuln-scan-api/internal/commands/scan.go:49.2,49.28 1 1
vuln-scan-api/internal/commands/scan.go:49.28,51.17 2 1
vuln-scan-api/internal/commands/scan.go:51.17,53.4 1 0
vuln-scan-api/internal/commands/scan.go:56.2,56.36 1 1
vuln-scan-api/internal/commands/scan.go:56.36,58.3 1 0
vuln-scan-api/internal/commands/scan.go:60.2,60.12 1 1
vuln-scan-api/internal/commands/scan.go:63.41,68.2 3 1
vuln-scan-api/internal/commands/scan.go:70.44,71.23 1 1
vuln-scan-api/internal/commands/scan.go:71.23,73.3 1 0
vuln-scan-api/internal/commands/scan.go:75.2,80.41 4 1
vuln-scan-api/internal/commands/scan.go:80.41,82.3 1 0
vuln-scan-api/internal/commands/scan.go:84.2,85.31 2 1
vuln-scan-api/internal/commands/scan.go:85.31,87.13 2 1
vuln-scan-api/internal/commands/scan.go:87.13,91.18 3 1
vuln-scan-api/internal/commands/scan.go:91.18,93.5 1 0
vuln-scan-api/internal/commands/scan.go:94.4,94.49 1 1
vuln-scan-api/internal/commands/scan.go:94.49,96.5 1 0
vuln-scan-api/internal/commands/scan.go:100.2,100.12 1 1
vuln-scan-api/internal/commands/scan.go:100.12,106.3 4 1
vuln-scan-api/internal/commands/scan.go:107.2,107.18 1 1
vuln-scan-api/internal/commands/scan.go:110.20,111.6 1 1
vuln-scan-api/internal/commands/scan.go:111.6,113.21 2 1
vuln-scan-api/internal/commands/scan.go:113.21,115.9 2 1
vuln-scan-api/internal/commands/scan.go:117.3,117.28 1 1
vuln-scan-api/internal/database/conn.go:17.19,46.16 4 1
vuln-scan-api/internal/database/conn.go:46.16,47.13 1 0
vuln-scan-api/internal/database/conn.go:52.28,54.16 2 1
vuln-scan-api/internal/database/conn.go:54.16,55.13 1 0
vuln-scan-api/internal/database/conn.go:58.2,60.3 1 1
vuln-scan-api/internal/database/conn.go:63.47,65.2 1 1
vuln-scan-api/internal/database/conn.go:74.116,75.25 1 1
vuln-scan-api/internal/database/conn.go:75.25,77.17 2 1
vuln-scan-api/internal/database/conn.go:77.17,79.4 1 0
vuln-scan-api/internal/database/conn.go:81.3,84.17 2 1
vuln-scan-api/internal/database/conn.go:84.17,87.4 2 0
vuln-scan-api/internal/database/conn.go:90.2,90.12 1 1
vuln-scan-api/internal/database/conn.go:97.84,103.29 4 1
vuln-scan-api/internal/database/conn.go:103.29,106.3 2 1
vuln-scan-api/internal/database/conn.go:108.2,109.16 2 1
vuln-scan-api/internal/database/conn.go:109.16,111.3 1 0
vuln-scan-api/internal/database/conn.go:112.2,114.18 2 1
vuln-scan-api/internal/database/conn.go:114.18,119.42 3 1
vuln-scan-api/internal/database/conn.go:119.42,121.4 1 0
vuln-scan-api/internal/database/conn.go:123.3,123.72 1 1
vuln-scan-api/internal/database/conn.go:123.72,125.4 1 0
vuln-scan-api/internal/database/conn.go:127.3,127.26 1 1
vuln-scan-api/internal/database/conn.go:130.2,130.17 1 1
vuln-scan-api/internal/database/conn.go:133.30,135.2 1 1
vuln-scan-api/internal/database/conn.go:137.17,140.29 2 1
vuln-scan-api/internal/database/conn.go:140.29,142.3 1 1
vuln-scan-api/internal/github/api.go:38.72,42.6 3 1
vuln-scan-api/internal/github/api.go:42.6,44.17 2 1
vuln-scan-api/internal/github/api.go:44.17,47.18 3 0
vuln-scan-api/internal/github/api.go:47.18,48.13 1 0
vuln-scan-api/internal/github/api.go:49.10,51.5 1 0
vuln-scan-api/internal/github/api.go:53.3,53.19 1 1
vuln-scan-api/internal/httpclient/client.go:20.35,31.2 2 1
vuln-scan-api/internal/httpclient/client.go:33.49,42.16 8 1
vuln-scan-api/internal/httpclient/client.go:42.16,44.3 1 0
vuln-scan-api/internal/httpclient/client.go:46.2,48.16 3 1
vuln-scan-api/internal/httpclient/client.go:48.16,50.3 1 0
vuln-scan-api/internal/httpclient/client.go:52.2,52.22 1 1
vuln-scan-api/cmd/main.go:13.47,14.51 1 0
vuln-scan-api/cmd/main.go:14.51,17.3 2 0
vuln-scan-api/cmd/main.go:19.2,22.42 3 0
vuln-scan-api/cmd/main.go:23.15,24.75 1 0
vuln-scan-api/cmd/main.go:24.75,25.53 1 0
vuln-scan-api/cmd/main.go:25.53,27.5 1 0
vuln-scan-api/cmd/main.go:27.10,27.23 1 0
vuln-scan-api/cmd/main.go:27.23,29.5 1 0
vuln-scan-api/cmd/main.go:30.9,32.4 1 0
vuln-scan-api/cmd/main.go:33.16,34.74 1 0
vuln-scan-api/cmd/main.go:34.74,35.59 1 0
vuln-scan-api/cmd/main.go:35.59,37.5 1 0
vuln-scan-api/cmd/main.go:37.10,39.5 1 0
vuln-scan-api/cmd/main.go:40.9,42.4 1 0
vuln-scan-api/cmd/main.go:43.10,44.34 1 0
vuln-scan-api/cmd/main.go:48.37,53.12 2 0
vuln-scan-api/cmd/main.go:53.12,55.63 2 0
vuln-scan-api/cmd/main.go:55.63,57.4 1 0
vuln-scan-api/cmd/main.go:59.3,59.26 1 0
vuln-scan-api/cmd/main.go:62.2,62.15 1 0
vuln-scan-api/cmd/main.go:65.13,70.9 3 0
vuln-scan-api/internal/commands/query.go:13.52,16.16 3 0
vuln-scan-api/internal/commands/query.go:16.16,19.3 2 0
vuln-scan-api/internal/commands/query.go:21.2,21.19 1 0
vuln-scan-api/internal/commands/query.go:24.66,29.16 4 0
vuln-scan-api/internal/commands/query.go:29.16,32.3 2 0
vuln-scan-api/internal/commands/query.go:34.2,35.16 2 0
vuln-scan-api/internal/commands/query.go:35.16,37.3 1 0
vuln-scan-api/internal/commands/query.go:39.2,39.19 1 0
vuln-scan-api/internal/commands/scan.go:23.50,26.16 3 0
vuln-scan-api/internal/commands/scan.go:26.16,28.3 1 0
vuln-scan-api/internal/commands/scan.go:30.2,30.19 1 0
vuln-scan-api/internal/commands/scan.go:33.41,35.16 2 0
vuln-scan-api/internal/commands/scan.go:35.16,37.3 1 0
vuln-scan-api/internal/commands/scan.go:39.2,40.12 2 0
vuln-scan-api/internal/commands/scan.go:43.66,46.16 3 0
vuln-scan-api/internal/commands/scan.go:46.16,48.3 1 0
vuln-scan-api/internal/commands/scan.go:49.2,49.28 1 0
vuln-scan-api/internal/commands/scan.go:49.28,51.17 2 0
vuln-scan-api/internal/commands/scan.go:51.17,53.4 1 0
vuln-scan-api/internal/commands/scan.go:56.2,56.36 1 0
vuln-scan-api/internal/commands/scan.go:56.36,58.3 1 0
vuln-scan-api/internal/commands/scan.go:60.2,60.12 1 0
vuln-scan-api/internal/commands/scan.go:63.41,68.2 3 0
vuln-scan-api/internal/commands/scan.go:70.44,71.23 1 0
vuln-scan-api/internal/commands/scan.go:71.23,73.3 1 0
vuln-scan-api/internal/commands/scan.go:75.2,80.41 4 0
vuln-scan-api/internal/commands/scan.go:80.41,82.3 1 0
vuln-scan-api/internal/commands/scan.go:84.2,85.31 2 0
vuln-scan-api/internal/commands/scan.go:85.31,87.13 2 0
vuln-scan-api/internal/commands/scan.go:87.13,91.18 3 0
vuln-scan-api/internal/commands/scan.go:91.18,93.5 1 0
vuln-scan-api/internal/commands/scan.go:94.4,94.49 1 0
vuln-scan-api/internal/commands/scan.go:94.49,96.5 1 0
vuln-scan-api/internal/commands/scan.go:100.2,100.12 1 0
vuln-scan-api/internal/commands/scan.go:100.12,106.3 4 0
vuln-scan-api/internal/commands/scan.go:107.2,107.18 1 0
vuln-scan-api/internal/commands/scan.go:110.20,111.6 1 0
vuln-scan-api/internal/commands/scan.go:111.6,113.21 2 0
vuln-scan-api/internal/commands/scan.go:113.21,115.9 2 0
vuln-scan-api/internal/commands/scan.go:117.3,117.28 1 0
vuln-scan-api/internal/database/conn.go:17.19,46.16 4 0
vuln-scan-api/internal/database/conn.go:46.16,47.13 1 0
vuln-scan-api/internal/database/conn.go:52.28,54.16 2 0
vuln-scan-api/internal/database/conn.go:54.16,55.13 1 0
vuln-scan-api/internal/database/conn.go:58.2,60.3 1 0
vuln-scan-api/internal/database/conn.go:63.47,65.2 1 0
vuln-scan-api/internal/database/conn.go:74.116,75.25 1 0
vuln-scan-api/internal/database/conn.go:75.25,77.17 2 0
vuln-scan-api/internal/database/conn.go:77.17,79.4 1 0
vuln-scan-api/internal/database/conn.go:81.3,84.17 2 0
vuln-scan-api/internal/database/conn.go:84.17,87.4 2 0
vuln-scan-api/internal/database/conn.go:90.2,90.12 1 0
vuln-scan-api/internal/database/conn.go:97.84,103.29 4 0
vuln-scan-api/internal/database/conn.go:103.29,106.3 2 0
vuln-scan-api/internal/database/conn.go:108.2,109.16 2 0
vuln-scan-api/internal/database/conn.go:109.16,111.3 1 0
vuln-scan-api/internal/database/conn.go:112.2,114.18 2 0
vuln-scan-api/internal/database/conn.go:114.18,119.42 3 0
vuln-scan-api/internal/database/conn.go:119.42,121.4 1 0
vuln-scan-api/internal/database/conn.go:123.3,123.72 1 0
vuln-scan-api/internal/database/conn.go:123.72,125.4 1 0
vuln-scan-api/internal/database/conn.go:127.3,127.26 1 0
vuln-scan-api/internal/database/conn.go:130.2,130.17 1 0
vuln-scan-api/internal/database/conn.go:133.30,135.2 1 0
vuln-scan-api/internal/database/conn.go:137.17,140.29 2 0
vuln-scan-api/internal/database/conn.go:140.29,142.3 1 0
vuln-scan-api/internal/github/api.go:38.72,42.6 3 1
vuln-scan-api/internal/github/api.go:42.6,44.17 2 1
vuln-scan-api/internal/github/api.go:44.17,47.18 3 1
vuln-scan-api/internal/github/api.go:47.18,48.13 1 1
vuln-scan-api/internal/github/api.go:49.10,51.5 1 1
vuln-scan-api/internal/github/api.go:53.3,53.19 1 1
vuln-scan-api/internal/httpclient/client.go:20.35,31.2 2 1
vuln-scan-api/internal/httpclient/client.go:33.49,42.16 8 1
vuln-scan-api/internal/httpclient/client.go:42.16,44.3 1 0
vuln-scan-api/internal/httpclient/client.go:46.2,48.16 3 1
vuln-scan-api/internal/httpclient/client.go:48.16,50.3 1 1
vuln-scan-api/internal/httpclient/client.go:52.2,52.22 1 1
vuln-scan-api/cmd/main.go:13.47,14.51 1 1
vuln-scan-api/cmd/main.go:14.51,17.3 2 1
vuln-scan-api/cmd/main.go:19.2,22.42 3 1
vuln-scan-api/cmd/main.go:23.15,24.75 1 1
vuln-scan-api/cmd/main.go:24.75,25.53 1 1
vuln-scan-api/cmd/main.go:25.53,27.5 1 0
vuln-scan-api/cmd/main.go:27.10,27.23 1 1
vuln-scan-api/cmd/main.go:27.23,29.5 1 1
vuln-scan-api/cmd/main.go:30.9,32.4 1 1
vuln-scan-api/cmd/main.go:33.16,34.74 1 1
vuln-scan-api/cmd/main.go:34.74,35.59 1 1
vuln-scan-api/cmd/main.go:35.59,37.5 1 1
vuln-scan-api/cmd/main.go:37.10,39.5 1 1
vuln-scan-api/cmd/main.go:40.9,42.4 1 1
vuln-scan-api/cmd/main.go:43.10,44.34 1 1
vuln-scan-api/cmd/main.go:48.37,53.12 2 1
vuln-scan-api/cmd/main.go:53.12,55.63 2 1
vuln-scan-api/cmd/main.go:55.63,57.4 1 0
vuln-scan-api/cmd/main.go:59.3,59.26 1 0
vuln-scan-api/cmd/main.go:62.2,62.15 1 1
vuln-scan-api/cmd/main.go:65.13,70.9 3 0
vuln-scan-api/internal/commands/query.go:13.52,16.16 3 1
vuln-scan-api/internal/commands/query.go:16.16,19.3 2 1
vuln-scan-api/internal/commands/query.go:21.2,21.19 1 1
vuln-scan-api/internal/commands/query.go:24.66,29.16 4 1
vuln-scan-api/internal/commands/query.go:29.16,32.3 2 1
vuln-scan-api/internal/commands/query.go:34.2,35.16 2 1
vuln-scan-api/internal/commands/query.go:35.16,37.3 1 0
vuln-scan-api/internal/commands/query.go:39.2,39.19 1 1
vuln-scan-api/internal/commands/scan.go:23.50,26.16 3 1
vuln-scan-api/internal/commands/scan.go:26.16,28.3 1 1
vuln-scan-api/internal/commands/scan.go:30.2,30.19 1 1
vuln-scan-api/internal/commands/scan.go:33.41,35.16 2 1
vuln-scan-api/internal/commands/scan.go:35.16,37.3 1 0
vuln-scan-api/internal/commands/scan.go:39.2,40.12 2 1
vuln-scan-api/internal/commands/scan.go:43.66,46.16 3 0
vuln-scan-api/internal/commands/scan.go:46.16,48.3 1 0
vuln-scan-api/internal/commands/scan.go:49.2,49.28 1 0
vuln-scan-api/internal/commands/scan.go:49.28,51.17 2 0
vuln-scan-api/internal/commands/scan.go:51.17,53.4 1 0
vuln-scan-api/internal/commands/scan.go:56.2,56.36 1 0
vuln-scan-api/internal/commands/scan.go:56.36,58.3 1 0
vuln-scan-api/internal/commands/scan.go:60.2,60.12 1 0
vuln-scan-api/internal/commands/scan.go:63.41,68.2 3 1
vuln-scan-api/internal/commands/scan.go:70.44,71.23 1 1
vuln-scan-api/internal/commands/scan.go:71.23,73.3 1 1
vuln-scan-api/internal/commands/scan.go:75.2,80.41 4 1
vuln-scan-api/internal/commands/scan.go:80.41,82.3 1 0
vuln-scan-api/internal/commands/scan.go:84.2,85.31 2 1
vuln-scan-api/internal/commands/scan.go:85.31,87.13 2 1
vuln-scan-api/internal/commands/scan.go:87.13,91.18 3 1
vuln-scan-api/internal/commands/scan.go:91.18,93.5 1 0
vuln-scan-api/internal/commands/scan.go:94.4,94.49 1 0
vuln-scan-api/internal/commands/scan.go:94.49,96.5 1 0
vuln-scan-api/internal/commands/scan.go:100.2,100.12 1 1
vuln-scan-api/internal/commands/scan.go:100.12,106.3 4 1
vuln-scan-api/internal/commands/scan.go:107.2,107.18 1 1
vuln-scan-api/internal/commands/scan.go:110.20,111.6 1 0
vuln-scan-api/internal/commands/scan.go:111.6,113.21 2 0
vuln-scan-api/internal/commands/scan.go:113.21,115.9 2 0
vuln-scan-api/internal/commands/scan.go:117.3,117.28 1 0
vuln-scan-api/internal/database/conn.go:17.19,46.16 4 1
vuln-scan-api/internal/database/conn.go:46.16,47.13 1 0
vuln-scan-api/internal/database/conn.go:52.28,54.16 2 1
vuln-scan-api/internal/database/conn.go:54.16,55.13 1 0
vuln-scan-api/internal/database/conn.go:58.2,60.3 1 1
vuln-scan-api/internal/database/conn.go:63.47,65.2 1 0
vuln-scan-api/internal/database/conn.go:74.116,75.25 1 0
vuln-scan-api/internal/database/conn.go:75.25,77.17 2 0
vuln-scan-api/internal/database/conn.go:77.17,79.4 1 0
vuln-scan-api/internal/database/conn.go:81.3,84.17 2 0
vuln-scan-api/internal/database/conn.go:84.17,87.4 2 0
vuln-scan-api/internal/database/conn.go:90.2,90.12 1 0
vuln-scan-api/internal/database/conn.go:97.84,103.29 4 1
vuln-scan-api/internal/database/conn.go:103.29,106.3 2 1
vuln-scan-api/internal/database/conn.go:108.2,109.16 2 1
vuln-scan-api/internal/database/conn.go:109.16,111.3 1 1
vuln-scan-api/internal/database/conn.go:112.2,114.18 2 1
vuln-scan-api/internal/database/conn.go:114.18,119.42 3 0
vuln-scan-api/internal/database/conn.go:119.42,121.4 1 0
vuln-scan-api/internal/database/conn.go:123.3,123.72 1 0
vuln-scan-api/internal/database/conn.go:123.72,125.4 1 0
vuln-scan-api/internal/database/conn.go:127.3,127.26 1 0
vuln-scan-api/internal/database/conn.go:130.2,130.17 1 1
vuln-scan-api/internal/database/conn.go:133.30,135.2 1 1
vuln-scan-api/internal/database/conn.go:137.17,140.29 2 0
vuln-scan-api/internal/database/conn.go:140.29,142.3 1 0
vuln-scan-api/internal/github/api.go:38.72,42.6 3 1
vuln-scan-api/internal/github/api.go:42.6,44.17 2 1
vuln-scan-api/internal/github/api.go:44.17,47.18 3 0
vuln-scan-api/internal/github/api.go:47.18,48.13 1 0
vuln-scan-api/internal/github/api.go:49.10,51.5 1 0
vuln-scan-api/internal/github/api.go:53.3,53.19 1 0
vuln-scan-api/internal/httpclient/client.go:20.35,31.2 2 1
vuln-scan-api/internal/httpclient/client.go:33.49,42.16 8 1
vuln-scan-api/internal/httpclient/client.go:42.16,44.3 1 0
vuln-scan-api/internal/httpclient/client.go:46.2,48.16 3 0
vuln-scan-api/internal/httpclient/client.go:48.16,50.3 1 0
vuln-scan-api/internal/httpclient/client.go:52.2,52.22 1 0
